These files were modified since the last commit:

Sur la branche master
Votre branche et 'origin/master' ont divergé,
et ont 12 et 2 commits différents chacune respectivement.
  (utilisez "git pull" pour fusionner la branche distante dans la vôtre)
Modifications qui ne seront pas validées :
  (utilisez "git add <fichier>..." pour mettre à jour ce qui sera validé)
  (utilisez "git checkout -- <fichier>..." pour annuler les modifications dans la copie de travail)

	modifié :         ../logs/errors.log
	modifié :         ../logs/modified.log
	modifié :         ../logs/run.log
	modifié :         ../tosback.sh

Fichiers non suivis:
  (utilisez "git add <fichier>..." pour inclure dans ce qui sera validé)

	../._.gitignore
	../._tosback.sh
	._main.rb
	lib/._tosback_secrets.rb
	lib/._tosbacknotifier.rb
	../tosback.log

aucune modification n'a été ajoutée à la validation (utilisez "git add" ou "git commit -a")
